<?xml version="1.0" encoding="UTF-8"?>
<!-- Generated by org.testng.reporters.JUnitXMLReporter -->
<testsuite ignored="0" hostname="Chael" failures="0" tests="4" name="Surefire test" time="0.023" errors="0" timestamp="07 11월 2022 16:06:05 GMT">
  <testcase classname="project.TestAccountService" name="testIsNotNull" time="0.005"/>
  <testcase classname="project.TestAccountService" name="testIsRightCreditReceiver" time="0.0"/>
  <testcase classname="project.TestAccountService" name="testIsRightCreditSender" time="0.0"/>
  <testcase classname="project.TestAccountService" name="testTransferOk" time="0.001"/>
</testsuite> <!-- Surefire test -->
