<?xml version="1.0" encoding="UTF-8"?>
<testsuite xmlns:xsi="http://www.w3.org/2001/XMLSchema-instance" xsi:noNamespaceSchemaLocation="https://maven.apache.org/surefire/maven-surefire-plugin/xsd/surefire-test-report-3.0.xsd" version="3.0" name="project.TestAccountService" time="0.179" tests="4" errors="0" skipped="0" failures="0">
  <properties>
[...]
</properties>
  <testcase name="testIsNotNull" classname="project.TestAccountService" time="0.01"/>
  <testcase name="testIsRightCreditReceiver" classname="project.TestAccountService" time="0"/>
  <testcase name="testIsRightCreditSender" classname="project.TestAccountService" time="0"/>
  <testcase name="testTransferOk" classname="project.TestAccountService" time="0"/>
</testsuite>