<?xml version="1.0" encoding="UTF-8"?>
<testng-results ignored="0" total="4" passed="4" failed="0" skipped="0">
  <reporter-output>
  </reporter-output>
  <suite started-at="2022-11-07T16:06:05Z" name="Surefire suite" finished-at="2022-11-07T16:06:05Z" duration-ms="23">
    <groups>
    </groups>
    <test started-at="2022-11-07T16:06:05Z" name="Surefire test" finished-at="2022-11-07T16:06:05Z" duration-ms="23">
      <class name="project.TestAccountService">
        <test-method signature="testIsNotNull()[pri:0, instance:project.TestAccountService@4c583ecf]" started-at="2022-11-08T01:06:05Z" name="testIsNotNull" finished-at="2022-11-08T01:06:05Z" duration-ms="5" status="PASS">
          <reporter-output>
          </reporter-output>
        </test-method> <!-- testIsNotNull -->
        <test-method signature="testTransferOk()[pri:0, instance:project.TestAccountService@4c583ecf]" started-at="2022-11-08T01:06:05Z" name="testTransferOk" finished-at="2022-11-08T01:06:05Z" duration-ms="1" status="PASS">
          <reporter-output>
          </reporter-output>
        </test-method> <!-- testTransferOk -->
        <test-method signature="testIsRightCreditReceiver()[pri:0, instance:project.TestAccountService@4c583ecf]" started-at="2022-11-08T01:06:05Z" name="testIsRightCreditReceiver" finished-at="2022-11-08T01:06:05Z" duration-ms="0" status="PASS">
          <reporter-output>
          </reporter-output>
        </test-method> <!-- testIsRightCreditReceiver -->
        <test-method signature="testIsRightCreditSender()[pri:0, instance:project.TestAccountService@4c583ecf]" started-at="2022-11-08T01:06:05Z" name="testIsRightCreditSender" finished-at="2022-11-08T01:06:05Z" duration-ms="0" status="PASS">
          <reporter-output>
          </reporter-output>
        </test-method> <!-- testIsRightCreditSender -->
      </class> <!-- project.TestAccountService -->
    </test> <!-- Surefire test -->
  </suite> <!-- Surefire suite -->
</testng-results>
