<?xml version="1.0" encoding="UTF-8"?>
<!-- Generated by org.testng.reporters.JUnitReportReporter -->
<testsuite hostname="Chael" failures="0" tests="4" name="project.TestAccountService" time="0.006" errors="0" timestamp="07 11월 2022 16:06:05 GMT" skipped="0">
  <testcase classname="project.TestAccountService" name="testTransferOk" time="0.001"/>
  <testcase classname="project.TestAccountService" name="testIsRightCreditReceiver" time="0.000"/>
  <testcase classname="project.TestAccountService" name="testIsRightCreditSender" time="0.000"/>
  <testcase classname="project.TestAccountService" name="testIsNotNull" time="0.005"/>
</testsuite> <!-- project.TestAccountService -->
